{"C:\\Users\\KIIT\\keploy\\assign2\\task-api\\Task.js": {"path":"C:\\Users\\KIIT\\keploy\\assign2\\task-api\\Task.js","statementMap":{"0":{"start":{"line":1,"column":0},"end":{"line":1,"column":32}},"1":{"start":{"line":2,"column":17},"end":{"line":2,"column":36}},"2":{"start":{"line":4,"column":19},"end":{"line":7,"column":2}},"3":{"start":{"line":9,"column":0},"end":{"line":9,"column":52}}},"fnMap":{},"branchMap":{},"s":{"0":5,"1":5,"2":5,"3":5},"f":{},"b":{},"_coverageSchema":"1a1c01bbd47fc00a2c39e90264f33305004495a9","hash":"c9f09a5d3fed8c9e2a47e67623b6f1ffcb76ceca"}
,"C:\\Users\\KIIT\\keploy\\assign2\\task-api\\index.js": {"path":"C:\\Users\\KIIT\\keploy\\assign2\\task-api\\index.js","statementMap":{"0":{"start":{"line":1,"column":16},"end":{"line":1,"column":34}},"1":{"start":{"line":2,"column":17},"end":{"line":2,"column":36}},"2":{"start":{"line":3,"column":13},"end":{"line":3,"column":30}},"3":{"start":{"line":5,"column":12},"end":{"line":5,"column":21}},"4":{"start":{"line":6,"column":0},"end":{"line":6,"column":24}},"5":{"start":{"line":9,"column":2},"end":{"line":9,"column":30}},"6":{"start":{"line":10,"column":2},"end":{"line":10,"column":40}},"7":{"start":{"line":13,"column":0},"end":{"line":15,"column":3}},"8":{"start":{"line":14,"column":2},"end":{"line":14,"column":42}},"9":{"start":{"line":17,"column":0},"end":{"line":20,"column":3}},"10":{"start":{"line":18,"column":16},"end":{"line":18,"column":33}},"11":{"start":{"line":19,"column":2},"end":{"line":19,"column":18}},"12":{"start":{"line":22,"column":0},"end":{"line":29,"column":3}},"13":{"start":{"line":23,"column":20},"end":{"line":23,"column":28}},"14":{"start":{"line":24,"column":2},"end":{"line":24,"column":74}},"15":{"start":{"line":24,"column":14},"end":{"line":24,"column":74}},"16":{"start":{"line":26,"column":18},"end":{"line":26,"column":36}},"17":{"start":{"line":27,"column":2},"end":{"line":27,"column":23}},"18":{"start":{"line":28,"column":2},"end":{"line":28,"column":20}},"19":{"start":{"line":31,"column":0},"end":{"line":40,"column":3}},"20":{"start":{"line":32,"column":17},"end":{"line":32,"column":27}},"21":{"start":{"line":33,"column":2},"end":{"line":35,"column":3}},"22":{"start":{"line":34,"column":4},"end":{"line":34,"column":46}},"23":{"start":{"line":37,"column":22},"end":{"line":37,"column":79}},"24":{"start":{"line":38,"column":2},"end":{"line":38,"column":66}},"25":{"start":{"line":38,"column":20},"end":{"line":38,"column":66}},"26":{"start":{"line":39,"column":2},"end":{"line":39,"column":24}},"27":{"start":{"line":42,"column":0},"end":{"line":51,"column":3}},"28":{"start":{"line":43,"column":17},"end":{"line":43,"column":27}},"29":{"start":{"line":44,"column":2},"end":{"line":46,"column":3}},"30":{"start":{"line":45,"column":4},"end":{"line":45,"column":46}},"31":{"start":{"line":48,"column":18},"end":{"line":48,"column":50}},"32":{"start":{"line":49,"column":2},"end":{"line":49,"column":62}},"33":{"start":{"line":49,"column":16},"end":{"line":49,"column":62}},"34":{"start":{"line":50,"column":2},"end":{"line":50,"column":27}},"35":{"start":{"line":53,"column":0},"end":{"line":55,"column":3}},"36":{"start":{"line":54,"column":2},"end":{"line":54,"column":70}},"37":{"start":{"line":57,"column":0},"end":{"line":57,"column":36}}},"fnMap":{"0":{"name":"connectDB","decl":{"start":{"line":8,"column":15},"end":{"line":8,"column":24}},"loc":{"start":{"line":8,"column":30},"end":{"line":11,"column":1}},"line":8},"1":{"name":"(anonymous_1)","decl":{"start":{"line":13,"column":13},"end":{"line":13,"column":14}},"loc":{"start":{"line":13,"column":27},"end":{"line":15,"column":1}},"line":13},"2":{"name":"(anonymous_2)","decl":{"start":{"line":17,"column":18},"end":{"line":17,"column":19}},"loc":{"start":{"line":17,"column":38},"end":{"line":20,"column":1}},"line":17},"3":{"name":"(anonymous_3)","decl":{"start":{"line":22,"column":19},"end":{"line":22,"column":20}},"loc":{"start":{"line":22,"column":39},"end":{"line":29,"column":1}},"line":22},"4":{"name":"(anonymous_4)","decl":{"start":{"line":31,"column":22},"end":{"line":31,"column":23}},"loc":{"start":{"line":31,"column":42},"end":{"line":40,"column":1}},"line":31},"5":{"name":"(anonymous_5)","decl":{"start":{"line":42,"column":25},"end":{"line":42,"column":26}},"loc":{"start":{"line":42,"column":45},"end":{"line":51,"column":1}},"line":42},"6":{"name":"(anonymous_6)","decl":{"start":{"line":53,"column":8},"end":{"line":53,"column":9}},"loc":{"start":{"line":53,"column":22},"end":{"line":55,"column":1}},"line":53}},"branchMap":{"0":{"loc":{"start":{"line":24,"column":2},"end":{"line":24,"column":74}},"type":"if","locations":[{"start":{"line":24,"column":2},"end":{"line":24,"column":74}},{"start":{},"end":{}}],"line":24},"1":{"loc":{"start":{"line":33,"column":2},"end":{"line":35,"column":3}},"type":"if","locations":[{"start":{"line":33,"column":2},"end":{"line":35,"column":3}},{"start":{},"end":{}}],"line":33},"2":{"loc":{"start":{"line":38,"column":2},"end":{"line":38,"column":66}},"type":"if","locations":[{"start":{"line":38,"column":2},"end":{"line":38,"column":66}},{"start":{},"end":{}}],"line":38},"3":{"loc":{"start":{"line":44,"column":2},"end":{"line":46,"column":3}},"type":"if","locations":[{"start":{"line":44,"column":2},"end":{"line":46,"column":3}},{"start":{},"end":{}}],"line":44},"4":{"loc":{"start":{"line":49,"column":2},"end":{"line":49,"column":62}},"type":"if","locations":[{"start":{"line":49,"column":2},"end":{"line":49,"column":62}},{"start":{},"end":{}}],"line":49}},"s":{"0":2,"1":2,"2":2,"3":2,"4":2,"5":2,"6":2,"7":2,"8":0,"9":2,"10":2,"11":2,"12":2,"13":2,"14":2,"15":1,"16":1,"17":1,"18":1,"19":2,"20":1,"21":1,"22":0,"23":1,"24":1,"25":0,"26":1,"27":2,"28":2,"29":2,"30":1,"31":1,"32":1,"33":0,"34":1,"35":2,"36":0,"37":2},"f":{"0":2,"1":0,"2":2,"3":2,"4":1,"5":2,"6":0},"b":{"0":[1,1],"1":[0,1],"2":[0,1],"3":[1,1],"4":[0,1]},"_coverageSchema":"1a1c01bbd47fc00a2c39e90264f33305004495a9","hash":"4ce77c4f54640ff96c54de5633b8207e4105859a"}
}
